---------------------------------------------
7 ROUGE-1 Average_R: 0.14684 (95%-conf.int. 0.10562 - 0.18834)
7 ROUGE-1 Average_P: 0.15152 (95%-conf.int. 0.10927 - 0.19329)
7 ROUGE-1 Average_F: 0.14876 (95%-conf.int. 0.10717 - 0.18934)
.............................................
7 ROUGE-1 Eval D1001-A.M.100.A.7 R:0.00000 P:0.00000 F:0.00000
7 ROUGE-1 Eval D1002-A.M.100.A.7 R:0.00000 P:0.00000 F:0.00000
7 ROUGE-1 Eval D1003-A.M.100.A.7 R:0.22944 P:0.23246 F:0.23094
7 ROUGE-1 Eval D1004-A.M.100.A.7 R:0.00000 P:0.00000 F:0.00000
7 ROUGE-1 Eval D1005-A.M.100.A.7 R:0.24180 P:0.26339 F:0.25213
7 ROUGE-1 Eval D1006-A.M.100.A.7 R:0.28352 P:0.34906 F:0.31289
7 ROUGE-1 Eval D1007-A.M.100.B.7 R:0.00000 P:0.00000 F:0.00000
7 ROUGE-1 Eval D1008-A.M.100.B.7 R:0.14919 P:0.15164 F:0.15041
7 ROUGE-1 Eval D1009-A.M.100.B.7 R:0.00000 P:0.00000 F:0.00000
7 ROUGE-1 Eval D1010-A.M.100.B.7 R:0.25200 P:0.24609 F:0.24901
7 ROUGE-1 Eval D1011-A.M.100.C.7 R:0.15086 P:0.16827 F:0.15909
7 ROUGE-1 Eval D1012-A.M.100.C.7 R:0.26829 P:0.27500 F:0.27160
7 ROUGE-1 Eval D1013-A.M.100.C.7 R:0.00000 P:0.00000 F:0.00000
7 ROUGE-1 Eval D1014-A.M.100.C.7 R:0.00000 P:0.00000 F:0.00000
7 ROUGE-1 Eval D1015-A.M.100.C.7 R:0.00000 P:0.00000 F:0.00000
7 ROUGE-1 Eval D1016-A.M.100.C.7 R:0.00000 P:0.00000 F:0.00000
7 ROUGE-1 Eval D1017-A.M.100.D.7 R:0.00000 P:0.00000 F:0.00000
7 ROUGE-1 Eval D1018-A.M.100.D.7 R:0.18828 P:0.20455 F:0.19608
7 ROUGE-1 Eval D1019-A.M.100.D.7 R:0.00000 P:0.00000 F:0.00000
7 ROUGE-1 Eval D1020-A.M.100.D.7 R:0.00000 P:0.00000 F:0.00000
7 ROUGE-1 Eval D1021-A.M.100.D.7 R:0.28390 P:0.26587 F:0.27459
7 ROUGE-1 Eval D1022-A.M.100.D.7 R:0.32218 P:0.31048 F:0.31622
7 ROUGE-1 Eval D1023-A.M.100.E.7 R:0.00000 P:0.00000 F:0.00000
7 ROUGE-1 Eval D1024-A.M.100.E.7 R:0.00000 P:0.00000 F:0.00000
7 ROUGE-1 Eval D1025-A.M.100.E.7 R:0.29204 P:0.30000 F:0.29597
7 ROUGE-1 Eval D1026-A.M.100.E.7 R:0.02564 P:0.02500 F:0.02532
7 ROUGE-1 Eval D1027-A.M.100.E.7 R:0.00000 P:0.00000 F:0.00000
7 ROUGE-1 Eval D1028-A.M.100.E.7 R:0.00000 P:0.00000 F:0.00000
7 ROUGE-1 Eval D1029-A.M.100.F.7 R:0.21667 P:0.20968 F:0.21312
7 ROUGE-1 Eval D1030-A.M.100.F.7 R:0.00000 P:0.00000 F:0.00000
7 ROUGE-1 Eval D1031-A.M.100.F.7 R:0.15102 P:0.15417 F:0.15258
7 ROUGE-1 Eval D1032-A.M.100.F.7 R:0.32061 P:0.43750 F:0.37004
7 ROUGE-1 Eval D1033-A.M.100.F.7 R:0.33884 P:0.32031 F:0.32931
7 ROUGE-1 Eval D1034-A.M.100.F.7 R:0.07819 P:0.08796 F:0.08279
7 ROUGE-1 Eval D1035-A.M.100.G.7 R:0.00000 P:0.00000 F:0.00000
7 ROUGE-1 Eval D1036-A.M.100.G.7 R:0.24490 P:0.25862 F:0.25157
7 ROUGE-1 Eval D1037-A.M.100.G.7 R:0.24537 P:0.23661 F:0.24091
7 ROUGE-1 Eval D1038-A.M.100.G.7 R:0.21961 P:0.25000 F:0.23382
7 ROUGE-1 Eval D1039-A.M.100.G.7 R:0.28980 P:0.30603 F:0.29769
7 ROUGE-1 Eval D1040-A.M.100.G.7 R:0.23404 P:0.24123 F:0.23758
7 ROUGE-1 Eval D1041-A.M.100.H.7 R:0.27165 P:0.31364 F:0.29114
7 ROUGE-1 Eval D1042-A.M.100.H.7 R:0.29148 P:0.27542 F:0.28322
7 ROUGE-1 Eval D1043-A.M.100.H.7 R:0.34322 P:0.31641 F:0.32927
7 ROUGE-1 Eval D1044-A.M.100.H.7 R:0.29958 P:0.26894 F:0.28343
7 ROUGE-1 Eval D1045-A.M.100.H.7 R:0.28346 P:0.28125 F:0.28235
7 ROUGE-1 Eval D1046-A.M.100.H.7 R:0.28740 P:0.27652 F:0.28186
---------------------------------------------
7 ROUGE-2 Average_R: 0.04001 (95%-conf.int. 0.02693 - 0.05420)
7 ROUGE-2 Average_P: 0.04100 (95%-conf.int. 0.02814 - 0.05561)
7 ROUGE-2 Average_F: 0.04039 (95%-conf.int. 0.02736 - 0.05470)
.............................................
7 ROUGE-2 Eval D1001-A.M.100.A.7 R:0.00000 P:0.00000 F:0.00000
7 ROUGE-2 Eval D1002-A.M.100.A.7 R:0.00000 P:0.00000 F:0.00000
7 ROUGE-2 Eval D1003-A.M.100.A.7 R:0.05727 P:0.05804 F:0.05765
7 ROUGE-2 Eval D1004-A.M.100.A.7 R:0.00000 P:0.00000 F:0.00000
7 ROUGE-2 Eval D1005-A.M.100.A.7 R:0.07917 P:0.08636 F:0.08261
7 ROUGE-2 Eval D1006-A.M.100.A.7 R:0.07782 P:0.09615 F:0.08602
7 ROUGE-2 Eval D1007-A.M.100.B.7 R:0.00000 P:0.00000 F:0.00000
7 ROUGE-2 Eval D1008-A.M.100.B.7 R:0.03279 P:0.03333 F:0.03306
7 ROUGE-2 Eval D1009-A.M.100.B.7 R:0.00000 P:0.00000 F:0.00000
7 ROUGE-2 Eval D1010-A.M.100.B.7 R:0.05691 P:0.05556 F:0.05623
7 ROUGE-2 Eval D1011-A.M.100.C.7 R:0.02193 P:0.02451 F:0.02315
7 ROUGE-2 Eval D1012-A.M.100.C.7 R:0.06198 P:0.06356 F:0.06276
7 ROUGE-2 Eval D1013-A.M.100.C.7 R:0.00000 P:0.00000 F:0.00000
7 ROUGE-2 Eval D1014-A.M.100.C.7 R:0.00000 P:0.00000 F:0.00000
7 ROUGE-2 Eval D1015-A.M.100.C.7 R:0.00000 P:0.00000 F:0.00000
7 ROUGE-2 Eval D1016-A.M.100.C.7 R:0.00000 P:0.00000 F:0.00000
7 ROUGE-2 Eval D1017-A.M.100.D.7 R:0.00000 P:0.00000 F:0.00000
7 ROUGE-2 Eval D1018-A.M.100.D.7 R:0.02979 P:0.03241 F:0.03104
7 ROUGE-2 Eval D1019-A.M.100.D.7 R:0.00000 P:0.00000 F:0.00000
7 ROUGE-2 Eval D1020-A.M.100.D.7 R:0.00000 P:0.00000 F:0.00000
7 ROUGE-2 Eval D1021-A.M.100.D.7 R:0.08190 P:0.07661 F:0.07917
7 ROUGE-2 Eval D1022-A.M.100.D.7 R:0.08936 P:0.08607 F:0.08768
7 ROUGE-2 Eval D1023-A.M.100.E.7 R:0.00000 P:0.00000 F:0.00000
7 ROUGE-2 Eval D1024-A.M.100.E.7 R:0.00000 P:0.00000 F:0.00000
7 ROUGE-2 Eval D1025-A.M.100.E.7 R:0.11712 P:0.12037 F:0.11872
7 ROUGE-2 Eval D1026-A.M.100.E.7 R:0.00000 P:0.00000 F:0.00000
7 ROUGE-2 Eval D1027-A.M.100.E.7 R:0.00000 P:0.00000 F:0.00000
7 ROUGE-2 Eval D1028-A.M.100.E.7 R:0.00000 P:0.00000 F:0.00000
7 ROUGE-2 Eval D1029-A.M.100.F.7 R:0.03814 P:0.03689 F:0.03750
7 ROUGE-2 Eval D1030-A.M.100.F.7 R:0.00000 P:0.00000 F:0.00000
7 ROUGE-2 Eval D1031-A.M.100.F.7 R:0.02905 P:0.02966 F:0.02935
7 ROUGE-2 Eval D1032-A.M.100.F.7 R:0.06202 P:0.08511 F:0.07175
7 ROUGE-2 Eval D1033-A.M.100.F.7 R:0.14286 P:0.13492 F:0.13878
7 ROUGE-2 Eval D1034-A.M.100.F.7 R:0.01255 P:0.01415 F:0.01330
7 ROUGE-2 Eval D1035-A.M.100.G.7 R:0.00000 P:0.00000 F:0.00000
7 ROUGE-2 Eval D1036-A.M.100.G.7 R:0.02905 P:0.03070 F:0.02985
7 ROUGE-2 Eval D1037-A.M.100.G.7 R:0.05189 P:0.05000 F:0.05093
7 ROUGE-2 Eval D1038-A.M.100.G.7 R:0.06773 P:0.07727 F:0.07219
7 ROUGE-2 Eval D1039-A.M.100.G.7 R:0.09959 P:0.10526 F:0.10235
7 ROUGE-2 Eval D1040-A.M.100.G.7 R:0.04329 P:0.04464 F:0.04395
7 ROUGE-2 Eval D1041-A.M.100.H.7 R:0.11200 P:0.12963 F:0.12017
7 ROUGE-2 Eval D1042-A.M.100.H.7 R:0.10502 P:0.09914 F:0.10200
7 ROUGE-2 Eval D1043-A.M.100.H.7 R:0.16810 P:0.15476 F:0.16115
7 ROUGE-2 Eval D1044-A.M.100.H.7 R:0.07725 P:0.06923 F:0.07302
7 ROUGE-2 Eval D1045-A.M.100.H.7 R:0.06400 P:0.06349 F:0.06374
7 ROUGE-2 Eval D1046-A.M.100.H.7 R:0.04400 P:0.04231 F:0.04314
---------------------------------------------
7 ROUGE-3 Average_R: 0.01387 (95%-conf.int. 0.00778 - 0.02104)
7 ROUGE-3 Average_P: 0.01407 (95%-conf.int. 0.00817 - 0.02109)
7 ROUGE-3 Average_F: 0.01393 (95%-conf.int. 0.00796 - 0.02102)
.............................................
7 ROUGE-3 Eval D1001-A.M.100.A.7 R:0.00000 P:0.00000 F:0.00000
7 ROUGE-3 Eval D1002-A.M.100.A.7 R:0.00000 P:0.00000 F:0.00000
7 ROUGE-3 Eval D1003-A.M.100.A.7 R:0.00897 P:0.00909 F:0.00903
7 ROUGE-3 Eval D1004-A.M.100.A.7 R:0.00000 P:0.00000 F:0.00000
7 ROUGE-3 Eval D1005-A.M.100.A.7 R:0.02966 P:0.03241 F:0.03097
7 ROUGE-3 Eval D1006-A.M.100.A.7 R:0.02767 P:0.03431 F:0.03063
7 ROUGE-3 Eval D1007-A.M.100.B.7 R:0.00000 P:0.00000 F:0.00000
7 ROUGE-3 Eval D1008-A.M.100.B.7 R:0.00833 P:0.00847 F:0.00840
7 ROUGE-3 Eval D1009-A.M.100.B.7 R:0.00000 P:0.00000 F:0.00000
7 ROUGE-3 Eval D1010-A.M.100.B.7 R:0.02479 P:0.02419 F:0.02449
7 ROUGE-3 Eval D1011-A.M.100.C.7 R:0.00000 P:0.00000 F:0.00000
7 ROUGE-3 Eval D1012-A.M.100.C.7 R:0.00840 P:0.00862 F:0.00851
7 ROUGE-3 Eval D1013-A.M.100.C.7 R:0.00000 P:0.00000 F:0.00000
7 ROUGE-3 Eval D1014-A.M.100.C.7 R:0.00000 P:0.00000 F:0.00000
7 ROUGE-3 Eval D1015-A.M.100.C.7 R:0.00000 P:0.00000 F:0.00000
7 ROUGE-3 Eval D1016-A.M.100.C.7 R:0.00000 P:0.00000 F:0.00000
7 ROUGE-3 Eval D1017-A.M.100.D.7 R:0.00000 P:0.00000 F:0.00000
7 ROUGE-3 Eval D1018-A.M.100.D.7 R:0.00000 P:0.00000 F:0.00000
7 ROUGE-3 Eval D1019-A.M.100.D.7 R:0.00000 P:0.00000 F:0.00000
7 ROUGE-3 Eval D1020-A.M.100.D.7 R:0.00000 P:0.00000 F:0.00000
7 ROUGE-3 Eval D1021-A.M.100.D.7 R:0.01754 P:0.01639 F:0.01695
7 ROUGE-3 Eval D1022-A.M.100.D.7 R:0.02597 P:0.02500 F:0.02548
7 ROUGE-3 Eval D1023-A.M.100.E.7 R:0.00000 P:0.00000 F:0.00000
7 ROUGE-3 Eval D1024-A.M.100.E.7 R:0.00000 P:0.00000 F:0.00000
7 ROUGE-3 Eval D1025-A.M.100.E.7 R:0.06422 P:0.06604 F:0.06512
7 ROUGE-3 Eval D1026-A.M.100.E.7 R:0.00000 P:0.00000 F:0.00000
7 ROUGE-3 Eval D1027-A.M.100.E.7 R:0.00000 P:0.00000 F:0.00000
7 ROUGE-3 Eval D1028-A.M.100.E.7 R:0.00000 P:0.00000 F:0.00000
7 ROUGE-3 Eval D1029-A.M.100.F.7 R:0.00862 P:0.00833 F:0.00847
7 ROUGE-3 Eval D1030-A.M.100.F.7 R:0.00000 P:0.00000 F:0.00000
7 ROUGE-3 Eval D1031-A.M.100.F.7 R:0.00844 P:0.00862 F:0.00853
7 ROUGE-3 Eval D1032-A.M.100.F.7 R:0.01575 P:0.02174 F:0.01827
7 ROUGE-3 Eval D1033-A.M.100.F.7 R:0.07265 P:0.06855 F:0.07054
7 ROUGE-3 Eval D1034-A.M.100.F.7 R:0.00000 P:0.00000 F:0.00000
7 ROUGE-3 Eval D1035-A.M.100.G.7 R:0.00000 P:0.00000 F:0.00000
7 ROUGE-3 Eval D1036-A.M.100.G.7 R:0.00422 P:0.00446 F:0.00434
7 ROUGE-3 Eval D1037-A.M.100.G.7 R:0.00481 P:0.00463 F:0.00472
7 ROUGE-3 Eval D1038-A.M.100.G.7 R:0.03239 P:0.03704 F:0.03456
7 ROUGE-3 Eval D1039-A.M.100.G.7 R:0.04219 P:0.04464 F:0.04338
7 ROUGE-3 Eval D1040-A.M.100.G.7 R:0.00881 P:0.00909 F:0.00895
7 ROUGE-3 Eval D1041-A.M.100.H.7 R:0.03659 P:0.04245 F:0.03930
7 ROUGE-3 Eval D1042-A.M.100.H.7 R:0.02326 P:0.02193 F:0.02258
7 ROUGE-3 Eval D1043-A.M.100.H.7 R:0.10526 P:0.09677 F:0.10084
7 ROUGE-3 Eval D1044-A.M.100.H.7 R:0.03930 P:0.03516 F:0.03711
7 ROUGE-3 Eval D1045-A.M.100.H.7 R:0.02033 P:0.02016 F:0.02024
7 ROUGE-3 Eval D1046-A.M.100.H.7 R:0.00000 P:0.00000 F:0.00000
---------------------------------------------
7 ROUGE-4 Average_R: 0.00533 (95%-conf.int. 0.00194 - 0.01013)
7 ROUGE-4 Average_P: 0.00527 (95%-conf.int. 0.00206 - 0.00963)
7 ROUGE-4 Average_F: 0.00529 (95%-conf.int. 0.00200 - 0.00988)
.............................................
7 ROUGE-4 Eval D1001-A.M.100.A.7 R:0.00000 P:0.00000 F:0.00000
7 ROUGE-4 Eval D1002-A.M.100.A.7 R:0.00000 P:0.00000 F:0.00000
7 ROUGE-4 Eval D1003-A.M.100.A.7 R:0.00457 P:0.00463 F:0.00460
7 ROUGE-4 Eval D1004-A.M.100.A.7 R:0.00000 P:0.00000 F:0.00000
7 ROUGE-4 Eval D1005-A.M.100.A.7 R:0.00000 P:0.00000 F:0.00000
7 ROUGE-4 Eval D1006-A.M.100.A.7 R:0.00803 P:0.01000 F:0.00891
7 ROUGE-4 Eval D1007-A.M.100.B.7 R:0.00000 P:0.00000 F:0.00000
7 ROUGE-4 Eval D1008-A.M.100.B.7 R:0.00000 P:0.00000 F:0.00000
7 ROUGE-4 Eval D1009-A.M.100.B.7 R:0.00000 P:0.00000 F:0.00000
7 ROUGE-4 Eval D1010-A.M.100.B.7 R:0.00840 P:0.00820 F:0.00830
7 ROUGE-4 Eval D1011-A.M.100.C.7 R:0.00000 P:0.00000 F:0.00000
7 ROUGE-4 Eval D1012-A.M.100.C.7 R:0.00000 P:0.00000 F:0.00000
7 ROUGE-4 Eval D1013-A.M.100.C.7 R:0.00000 P:0.00000 F:0.00000
7 ROUGE-4 Eval D1014-A.M.100.C.7 R:0.00000 P:0.00000 F:0.00000
7 ROUGE-4 Eval D1015-A.M.100.C.7 R:0.00000 P:0.00000 F:0.00000
7 ROUGE-4 Eval D1016-A.M.100.C.7 R:0.00000 P:0.00000 F:0.00000
7 ROUGE-4 Eval D1017-A.M.100.D.7 R:0.00000 P:0.00000 F:0.00000
7 ROUGE-4 Eval D1018-A.M.100.D.7 R:0.00000 P:0.00000 F:0.00000
7 ROUGE-4 Eval D1019-A.M.100.D.7 R:0.00000 P:0.00000 F:0.00000
7 ROUGE-4 Eval D1020-A.M.100.D.7 R:0.00000 P:0.00000 F:0.00000
7 ROUGE-4 Eval D1021-A.M.100.D.7 R:0.00000 P:0.00000 F:0.00000
7 ROUGE-4 Eval D1022-A.M.100.D.7 R:0.00441 P:0.00424 F:0.00432
7 ROUGE-4 Eval D1023-A.M.100.E.7 R:0.00000 P:0.00000 F:0.00000
7 ROUGE-4 Eval D1024-A.M.100.E.7 R:0.00000 P:0.00000 F:0.00000
7 ROUGE-4 Eval D1025-A.M.100.E.7 R:0.01869 P:0.01923 F:0.01896
7 ROUGE-4 Eval D1026-A.M.100.E.7 R:0.00000 P:0.00000 F:0.00000
7 ROUGE-4 Eval D1027-A.M.100.E.7 R:0.00000 P:0.00000 F:0.00000
7 ROUGE-4 Eval D1028-A.M.100.E.7 R:0.00000 P:0.00000 F:0.00000
7 ROUGE-4 Eval D1029-A.M.100.F.7 R:0.00000 P:0.00000 F:0.00000
7 ROUGE-4 Eval D1030-A.M.100.F.7 R:0.00000 P:0.00000 F:0.00000
7 ROUGE-4 Eval D1031-A.M.100.F.7 R:0.00000 P:0.00000 F:0.00000
7 ROUGE-4 Eval D1032-A.M.100.F.7 R:0.00000 P:0.00000 F:0.00000
7 ROUGE-4 Eval D1033-A.M.100.F.7 R:0.03913 P:0.03689 F:0.03798
7 ROUGE-4 Eval D1034-A.M.100.F.7 R:0.00000 P:0.00000 F:0.00000
7 ROUGE-4 Eval D1035-A.M.100.G.7 R:0.00000 P:0.00000 F:0.00000
7 ROUGE-4 Eval D1036-A.M.100.G.7 R:0.00000 P:0.00000 F:0.00000
7 ROUGE-4 Eval D1037-A.M.100.G.7 R:0.00000 P:0.00000 F:0.00000
7 ROUGE-4 Eval D1038-A.M.100.G.7 R:0.01235 P:0.01415 F:0.01319
7 ROUGE-4 Eval D1039-A.M.100.G.7 R:0.02146 P:0.02273 F:0.02208
7 ROUGE-4 Eval D1040-A.M.100.G.7 R:0.00000 P:0.00000 F:0.00000
7 ROUGE-4 Eval D1041-A.M.100.H.7 R:0.02066 P:0.02404 F:0.02222
7 ROUGE-4 Eval D1042-A.M.100.H.7 R:0.00000 P:0.00000 F:0.00000
7 ROUGE-4 Eval D1043-A.M.100.H.7 R:0.08036 P:0.07377 F:0.07692
7 ROUGE-4 Eval D1044-A.M.100.H.7 R:0.02222 P:0.01984 F:0.02096
7 ROUGE-4 Eval D1045-A.M.100.H.7 R:0.00413 P:0.00410 F:0.00411
7 ROUGE-4 Eval D1046-A.M.100.H.7 R:0.00000 P:0.00000 F:0.00000
