---------------------------------------------
7 ROUGE-1 Average_R: 0.12316 (95%-conf.int. 0.08819 - 0.15969)
7 ROUGE-1 Average_P: 0.13693 (95%-conf.int. 0.09820 - 0.17781)
7 ROUGE-1 Average_F: 0.12935 (95%-conf.int. 0.09268 - 0.16828)
.............................................
7 ROUGE-1 Eval D1001-A.M.100.A.7 R:0.00000 P:0.00000 F:0.00000
7 ROUGE-1 Eval D1002-A.M.100.A.7 R:0.00000 P:0.00000 F:0.00000
7 ROUGE-1 Eval D1003-A.M.100.A.7 R:0.26407 P:0.25847 F:0.26124
7 ROUGE-1 Eval D1004-A.M.100.A.7 R:0.00000 P:0.00000 F:0.00000
7 ROUGE-1 Eval D1005-A.M.100.A.7 R:0.21721 P:0.25980 F:0.23660
7 ROUGE-1 Eval D1006-A.M.100.A.7 R:0.00000 P:0.00000 F:0.00000
7 ROUGE-1 Eval D1007-A.M.100.B.7 R:0.00000 P:0.00000 F:0.00000
7 ROUGE-1 Eval D1008-A.M.100.B.7 R:0.13710 P:0.18889 F:0.15888
7 ROUGE-1 Eval D1009-A.M.100.B.7 R:0.00000 P:0.00000 F:0.00000
7 ROUGE-1 Eval D1010-A.M.100.B.7 R:0.22000 P:0.22917 F:0.22449
7 ROUGE-1 Eval D1011-A.M.100.C.7 R:0.12500 P:0.14796 F:0.13551
7 ROUGE-1 Eval D1012-A.M.100.C.7 R:0.29268 P:0.35294 F:0.32000
7 ROUGE-1 Eval D1013-A.M.100.C.7 R:0.00000 P:0.00000 F:0.00000
7 ROUGE-1 Eval D1014-A.M.100.C.7 R:0.00000 P:0.00000 F:0.00000
7 ROUGE-1 Eval D1015-A.M.100.C.7 R:0.00000 P:0.00000 F:0.00000
7 ROUGE-1 Eval D1016-A.M.100.C.7 R:0.00000 P:0.00000 F:0.00000
7 ROUGE-1 Eval D1017-A.M.100.D.7 R:0.00000 P:0.00000 F:0.00000
7 ROUGE-1 Eval D1018-A.M.100.D.7 R:0.19665 P:0.24479 F:0.21810
7 ROUGE-1 Eval D1019-A.M.100.D.7 R:0.00000 P:0.00000 F:0.00000
7 ROUGE-1 Eval D1020-A.M.100.D.7 R:0.00000 P:0.00000 F:0.00000
7 ROUGE-1 Eval D1021-A.M.100.D.7 R:0.28390 P:0.32212 F:0.30180
7 ROUGE-1 Eval D1022-A.M.100.D.7 R:0.28452 P:0.31481 F:0.29890
7 ROUGE-1 Eval D1023-A.M.100.E.7 R:0.00000 P:0.00000 F:0.00000
7 ROUGE-1 Eval D1024-A.M.100.E.7 R:0.00000 P:0.00000 F:0.00000
7 ROUGE-1 Eval D1025-A.M.100.E.7 R:0.15487 P:0.18229 F:0.16747
7 ROUGE-1 Eval D1026-A.M.100.E.7 R:0.02991 P:0.02917 F:0.02954
7 ROUGE-1 Eval D1027-A.M.100.E.7 R:0.00000 P:0.00000 F:0.00000
7 ROUGE-1 Eval D1028-A.M.100.E.7 R:0.00000 P:0.00000 F:0.00000
7 ROUGE-1 Eval D1029-A.M.100.F.7 R:0.20000 P:0.21053 F:0.20513
7 ROUGE-1 Eval D1030-A.M.100.F.7 R:0.00000 P:0.00000 F:0.00000
7 ROUGE-1 Eval D1031-A.M.100.F.7 R:0.24082 P:0.27315 F:0.25597
7 ROUGE-1 Eval D1032-A.M.100.F.7 R:0.33969 P:0.38362 F:0.36032
7 ROUGE-1 Eval D1033-A.M.100.F.7 R:0.16116 P:0.13356 F:0.14607
7 ROUGE-1 Eval D1034-A.M.100.F.7 R:0.10288 P:0.12755 F:0.11389
7 ROUGE-1 Eval D1035-A.M.100.G.7 R:0.00000 P:0.00000 F:0.00000
7 ROUGE-1 Eval D1036-A.M.100.G.7 R:0.20000 P:0.24020 F:0.21826
7 ROUGE-1 Eval D1037-A.M.100.G.7 R:0.22685 P:0.25000 F:0.23786
7 ROUGE-1 Eval D1038-A.M.100.G.7 R:0.10980 P:0.16667 F:0.13239
7 ROUGE-1 Eval D1039-A.M.100.G.7 R:0.30204 P:0.30833 F:0.30515
7 ROUGE-1 Eval D1040-A.M.100.G.7 R:0.26383 P:0.26724 F:0.26552
7 ROUGE-1 Eval D1041-A.M.100.H.7 R:0.12598 P:0.14815 F:0.13617
7 ROUGE-1 Eval D1042-A.M.100.H.7 R:0.25112 P:0.26923 F:0.25986
7 ROUGE-1 Eval D1043-A.M.100.H.7 R:0.23729 P:0.21875 F:0.22764
7 ROUGE-1 Eval D1044-A.M.100.H.7 R:0.31224 P:0.34259 F:0.32671
7 ROUGE-1 Eval D1045-A.M.100.H.7 R:0.26378 P:0.29386 F:0.27801
7 ROUGE-1 Eval D1046-A.M.100.H.7 R:0.15748 P:0.17241 F:0.16461
---------------------------------------------
7 ROUGE-2 Average_R: 0.02775 (95%-conf.int. 0.01819 - 0.03738)
7 ROUGE-2 Average_P: 0.03068 (95%-conf.int. 0.01995 - 0.04147)
7 ROUGE-2 Average_F: 0.02908 (95%-conf.int. 0.01912 - 0.03924)
.............................................
7 ROUGE-2 Eval D1001-A.M.100.A.7 R:0.00000 P:0.00000 F:0.00000
7 ROUGE-2 Eval D1002-A.M.100.A.7 R:0.00000 P:0.00000 F:0.00000
7 ROUGE-2 Eval D1003-A.M.100.A.7 R:0.06167 P:0.06034 F:0.06100
7 ROUGE-2 Eval D1004-A.M.100.A.7 R:0.00000 P:0.00000 F:0.00000
7 ROUGE-2 Eval D1005-A.M.100.A.7 R:0.01667 P:0.02000 F:0.01818
7 ROUGE-2 Eval D1006-A.M.100.A.7 R:0.00000 P:0.00000 F:0.00000
7 ROUGE-2 Eval D1007-A.M.100.B.7 R:0.00000 P:0.00000 F:0.00000
7 ROUGE-2 Eval D1008-A.M.100.B.7 R:0.02459 P:0.03409 F:0.02857
7 ROUGE-2 Eval D1009-A.M.100.B.7 R:0.00000 P:0.00000 F:0.00000
7 ROUGE-2 Eval D1010-A.M.100.B.7 R:0.05285 P:0.05508 F:0.05394
7 ROUGE-2 Eval D1011-A.M.100.C.7 R:0.03947 P:0.04688 F:0.04286
7 ROUGE-2 Eval D1012-A.M.100.C.7 R:0.06198 P:0.07500 F:0.06787
7 ROUGE-2 Eval D1013-A.M.100.C.7 R:0.00000 P:0.00000 F:0.00000
7 ROUGE-2 Eval D1014-A.M.100.C.7 R:0.00000 P:0.00000 F:0.00000
7 ROUGE-2 Eval D1015-A.M.100.C.7 R:0.00000 P:0.00000 F:0.00000
7 ROUGE-2 Eval D1016-A.M.100.C.7 R:0.00000 P:0.00000 F:0.00000
7 ROUGE-2 Eval D1017-A.M.100.D.7 R:0.00000 P:0.00000 F:0.00000
7 ROUGE-2 Eval D1018-A.M.100.D.7 R:0.05957 P:0.07447 F:0.06619
7 ROUGE-2 Eval D1019-A.M.100.D.7 R:0.00000 P:0.00000 F:0.00000
7 ROUGE-2 Eval D1020-A.M.100.D.7 R:0.00000 P:0.00000 F:0.00000
7 ROUGE-2 Eval D1021-A.M.100.D.7 R:0.09914 P:0.11275 F:0.10551
7 ROUGE-2 Eval D1022-A.M.100.D.7 R:0.02979 P:0.03302 F:0.03132
7 ROUGE-2 Eval D1023-A.M.100.E.7 R:0.00000 P:0.00000 F:0.00000
7 ROUGE-2 Eval D1024-A.M.100.E.7 R:0.00000 P:0.00000 F:0.00000
7 ROUGE-2 Eval D1025-A.M.100.E.7 R:0.05856 P:0.06915 F:0.06342
7 ROUGE-2 Eval D1026-A.M.100.E.7 R:0.00000 P:0.00000 F:0.00000
7 ROUGE-2 Eval D1027-A.M.100.E.7 R:0.00000 P:0.00000 F:0.00000
7 ROUGE-2 Eval D1028-A.M.100.E.7 R:0.00000 P:0.00000 F:0.00000
7 ROUGE-2 Eval D1029-A.M.100.F.7 R:0.04237 P:0.04464 F:0.04348
7 ROUGE-2 Eval D1030-A.M.100.F.7 R:0.00000 P:0.00000 F:0.00000
7 ROUGE-2 Eval D1031-A.M.100.F.7 R:0.06639 P:0.07547 F:0.07064
7 ROUGE-2 Eval D1032-A.M.100.F.7 R:0.11240 P:0.12719 F:0.11934
7 ROUGE-2 Eval D1033-A.M.100.F.7 R:0.04622 P:0.03819 F:0.04182
7 ROUGE-2 Eval D1034-A.M.100.F.7 R:0.00000 P:0.00000 F:0.00000
7 ROUGE-2 Eval D1035-A.M.100.G.7 R:0.00000 P:0.00000 F:0.00000
7 ROUGE-2 Eval D1036-A.M.100.G.7 R:0.02075 P:0.02500 F:0.02268
7 ROUGE-2 Eval D1037-A.M.100.G.7 R:0.03774 P:0.04167 F:0.03961
7 ROUGE-2 Eval D1038-A.M.100.G.7 R:0.00398 P:0.00610 F:0.00482
7 ROUGE-2 Eval D1039-A.M.100.G.7 R:0.06224 P:0.06356 F:0.06289
7 ROUGE-2 Eval D1040-A.M.100.G.7 R:0.06926 P:0.07018 F:0.06972
7 ROUGE-2 Eval D1041-A.M.100.H.7 R:0.04400 P:0.05189 F:0.04762
7 ROUGE-2 Eval D1042-A.M.100.H.7 R:0.08676 P:0.09314 F:0.08984
7 ROUGE-2 Eval D1043-A.M.100.H.7 R:0.03448 P:0.03175 F:0.03306
7 ROUGE-2 Eval D1044-A.M.100.H.7 R:0.08584 P:0.09434 F:0.08989
7 ROUGE-2 Eval D1045-A.M.100.H.7 R:0.05200 P:0.05804 F:0.05485
7 ROUGE-2 Eval D1046-A.M.100.H.7 R:0.01600 P:0.01754 F:0.01673
---------------------------------------------
7 ROUGE-3 Average_R: 0.00707 (95%-conf.int. 0.00390 - 0.01026)
7 ROUGE-3 Average_P: 0.00783 (95%-conf.int. 0.00421 - 0.01146)
7 ROUGE-3 Average_F: 0.00742 (95%-conf.int. 0.00404 - 0.01084)
.............................................
7 ROUGE-3 Eval D1001-A.M.100.A.7 R:0.00000 P:0.00000 F:0.00000
7 ROUGE-3 Eval D1002-A.M.100.A.7 R:0.00000 P:0.00000 F:0.00000
7 ROUGE-3 Eval D1003-A.M.100.A.7 R:0.00897 P:0.00877 F:0.00887
7 ROUGE-3 Eval D1004-A.M.100.A.7 R:0.00000 P:0.00000 F:0.00000
7 ROUGE-3 Eval D1005-A.M.100.A.7 R:0.00000 P:0.00000 F:0.00000
7 ROUGE-3 Eval D1006-A.M.100.A.7 R:0.00000 P:0.00000 F:0.00000
7 ROUGE-3 Eval D1007-A.M.100.B.7 R:0.00000 P:0.00000 F:0.00000
7 ROUGE-3 Eval D1008-A.M.100.B.7 R:0.00000 P:0.00000 F:0.00000
7 ROUGE-3 Eval D1009-A.M.100.B.7 R:0.00000 P:0.00000 F:0.00000
7 ROUGE-3 Eval D1010-A.M.100.B.7 R:0.02479 P:0.02586 F:0.02531
7 ROUGE-3 Eval D1011-A.M.100.C.7 R:0.00000 P:0.00000 F:0.00000
7 ROUGE-3 Eval D1012-A.M.100.C.7 R:0.01681 P:0.02041 F:0.01844
7 ROUGE-3 Eval D1013-A.M.100.C.7 R:0.00000 P:0.00000 F:0.00000
7 ROUGE-3 Eval D1014-A.M.100.C.7 R:0.00000 P:0.00000 F:0.00000
7 ROUGE-3 Eval D1015-A.M.100.C.7 R:0.00000 P:0.00000 F:0.00000
7 ROUGE-3 Eval D1016-A.M.100.C.7 R:0.00000 P:0.00000 F:0.00000
7 ROUGE-3 Eval D1017-A.M.100.D.7 R:0.00000 P:0.00000 F:0.00000
7 ROUGE-3 Eval D1018-A.M.100.D.7 R:0.03030 P:0.03804 F:0.03373
7 ROUGE-3 Eval D1019-A.M.100.D.7 R:0.00000 P:0.00000 F:0.00000
7 ROUGE-3 Eval D1020-A.M.100.D.7 R:0.00000 P:0.00000 F:0.00000
7 ROUGE-3 Eval D1021-A.M.100.D.7 R:0.02632 P:0.03000 F:0.02804
7 ROUGE-3 Eval D1022-A.M.100.D.7 R:0.00433 P:0.00481 F:0.00456
7 ROUGE-3 Eval D1023-A.M.100.E.7 R:0.00000 P:0.00000 F:0.00000
7 ROUGE-3 Eval D1024-A.M.100.E.7 R:0.00000 P:0.00000 F:0.00000
7 ROUGE-3 Eval D1025-A.M.100.E.7 R:0.02294 P:0.02717 F:0.02488
7 ROUGE-3 Eval D1026-A.M.100.E.7 R:0.00000 P:0.00000 F:0.00000
7 ROUGE-3 Eval D1027-A.M.100.E.7 R:0.00000 P:0.00000 F:0.00000
7 ROUGE-3 Eval D1028-A.M.100.E.7 R:0.00000 P:0.00000 F:0.00000
7 ROUGE-3 Eval D1029-A.M.100.F.7 R:0.00431 P:0.00455 F:0.00443
7 ROUGE-3 Eval D1030-A.M.100.F.7 R:0.00000 P:0.00000 F:0.00000
7 ROUGE-3 Eval D1031-A.M.100.F.7 R:0.02110 P:0.02404 F:0.02247
7 ROUGE-3 Eval D1032-A.M.100.F.7 R:0.03937 P:0.04464 F:0.04184
7 ROUGE-3 Eval D1033-A.M.100.F.7 R:0.01282 P:0.01056 F:0.01158
7 ROUGE-3 Eval D1034-A.M.100.F.7 R:0.00000 P:0.00000 F:0.00000
7 ROUGE-3 Eval D1035-A.M.100.G.7 R:0.00000 P:0.00000 F:0.00000
7 ROUGE-3 Eval D1036-A.M.100.G.7 R:0.00000 P:0.00000 F:0.00000
7 ROUGE-3 Eval D1037-A.M.100.G.7 R:0.00000 P:0.00000 F:0.00000
7 ROUGE-3 Eval D1038-A.M.100.G.7 R:0.00000 P:0.00000 F:0.00000
7 ROUGE-3 Eval D1039-A.M.100.G.7 R:0.02110 P:0.02155 F:0.02132
7 ROUGE-3 Eval D1040-A.M.100.G.7 R:0.01762 P:0.01786 F:0.01774
7 ROUGE-3 Eval D1041-A.M.100.H.7 R:0.00000 P:0.00000 F:0.00000
7 ROUGE-3 Eval D1042-A.M.100.H.7 R:0.02326 P:0.02500 F:0.02410
7 ROUGE-3 Eval D1043-A.M.100.H.7 R:0.00000 P:0.00000 F:0.00000
7 ROUGE-3 Eval D1044-A.M.100.H.7 R:0.03057 P:0.03365 F:0.03204
7 ROUGE-3 Eval D1045-A.M.100.H.7 R:0.02033 P:0.02273 F:0.02146
7 ROUGE-3 Eval D1046-A.M.100.H.7 R:0.00000 P:0.00000 F:0.00000
---------------------------------------------
7 ROUGE-4 Average_R: 0.00157 (95%-conf.int. 0.00053 - 0.00278)
7 ROUGE-4 Average_P: 0.00174 (95%-conf.int. 0.00058 - 0.00307)
7 ROUGE-4 Average_F: 0.00165 (95%-conf.int. 0.00056 - 0.00292)
.............................................
7 ROUGE-4 Eval D1001-A.M.100.A.7 R:0.00000 P:0.00000 F:0.00000
7 ROUGE-4 Eval D1002-A.M.100.A.7 R:0.00000 P:0.00000 F:0.00000
7 ROUGE-4 Eval D1003-A.M.100.A.7 R:0.00000 P:0.00000 F:0.00000
7 ROUGE-4 Eval D1004-A.M.100.A.7 R:0.00000 P:0.00000 F:0.00000
7 ROUGE-4 Eval D1005-A.M.100.A.7 R:0.00000 P:0.00000 F:0.00000
7 ROUGE-4 Eval D1006-A.M.100.A.7 R:0.00000 P:0.00000 F:0.00000
7 ROUGE-4 Eval D1007-A.M.100.B.7 R:0.00000 P:0.00000 F:0.00000
7 ROUGE-4 Eval D1008-A.M.100.B.7 R:0.00000 P:0.00000 F:0.00000
7 ROUGE-4 Eval D1009-A.M.100.B.7 R:0.00000 P:0.00000 F:0.00000
7 ROUGE-4 Eval D1010-A.M.100.B.7 R:0.00840 P:0.00877 F:0.00858
7 ROUGE-4 Eval D1011-A.M.100.C.7 R:0.00000 P:0.00000 F:0.00000
7 ROUGE-4 Eval D1012-A.M.100.C.7 R:0.00000 P:0.00000 F:0.00000
7 ROUGE-4 Eval D1013-A.M.100.C.7 R:0.00000 P:0.00000 F:0.00000
7 ROUGE-4 Eval D1014-A.M.100.C.7 R:0.00000 P:0.00000 F:0.00000
7 ROUGE-4 Eval D1015-A.M.100.C.7 R:0.00000 P:0.00000 F:0.00000
7 ROUGE-4 Eval D1016-A.M.100.C.7 R:0.00000 P:0.00000 F:0.00000
7 ROUGE-4 Eval D1017-A.M.100.D.7 R:0.00000 P:0.00000 F:0.00000
7 ROUGE-4 Eval D1018-A.M.100.D.7 R:0.00000 P:0.00000 F:0.00000
7 ROUGE-4 Eval D1019-A.M.100.D.7 R:0.00000 P:0.00000 F:0.00000
7 ROUGE-4 Eval D1020-A.M.100.D.7 R:0.00000 P:0.00000 F:0.00000
7 ROUGE-4 Eval D1021-A.M.100.D.7 R:0.00000 P:0.00000 F:0.00000
7 ROUGE-4 Eval D1022-A.M.100.D.7 R:0.00000 P:0.00000 F:0.00000
7 ROUGE-4 Eval D1023-A.M.100.E.7 R:0.00000 P:0.00000 F:0.00000
7 ROUGE-4 Eval D1024-A.M.100.E.7 R:0.00000 P:0.00000 F:0.00000
7 ROUGE-4 Eval D1025-A.M.100.E.7 R:0.00935 P:0.01111 F:0.01015
7 ROUGE-4 Eval D1026-A.M.100.E.7 R:0.00000 P:0.00000 F:0.00000
7 ROUGE-4 Eval D1027-A.M.100.E.7 R:0.00000 P:0.00000 F:0.00000
7 ROUGE-4 Eval D1028-A.M.100.E.7 R:0.00000 P:0.00000 F:0.00000
7 ROUGE-4 Eval D1029-A.M.100.F.7 R:0.00000 P:0.00000 F:0.00000
7 ROUGE-4 Eval D1030-A.M.100.F.7 R:0.00000 P:0.00000 F:0.00000
7 ROUGE-4 Eval D1031-A.M.100.F.7 R:0.01288 P:0.01471 F:0.01373
7 ROUGE-4 Eval D1032-A.M.100.F.7 R:0.00400 P:0.00455 F:0.00426
7 ROUGE-4 Eval D1033-A.M.100.F.7 R:0.00000 P:0.00000 F:0.00000
7 ROUGE-4 Eval D1034-A.M.100.F.7 R:0.00000 P:0.00000 F:0.00000
7 ROUGE-4 Eval D1035-A.M.100.G.7 R:0.00000 P:0.00000 F:0.00000
7 ROUGE-4 Eval D1036-A.M.100.G.7 R:0.00000 P:0.00000 F:0.00000
7 ROUGE-4 Eval D1037-A.M.100.G.7 R:0.00000 P:0.00000 F:0.00000
7 ROUGE-4 Eval D1038-A.M.100.G.7 R:0.00000 P:0.00000 F:0.00000
7 ROUGE-4 Eval D1039-A.M.100.G.7 R:0.00429 P:0.00439 F:0.00434
7 ROUGE-4 Eval D1040-A.M.100.G.7 R:0.00000 P:0.00000 F:0.00000
7 ROUGE-4 Eval D1041-A.M.100.H.7 R:0.00000 P:0.00000 F:0.00000
7 ROUGE-4 Eval D1042-A.M.100.H.7 R:0.00948 P:0.01020 F:0.00983
7 ROUGE-4 Eval D1043-A.M.100.H.7 R:0.00000 P:0.00000 F:0.00000
7 ROUGE-4 Eval D1044-A.M.100.H.7 R:0.01778 P:0.01961 F:0.01865
7 ROUGE-4 Eval D1045-A.M.100.H.7 R:0.00413 P:0.00463 F:0.00437
7 ROUGE-4 Eval D1046-A.M.100.H.7 R:0.00000 P:0.00000 F:0.00000
