---------------------------------------------
7 ROUGE-1 Average_R: 0.20453 (95%-conf.int. 0.17923 - 0.23146)
7 ROUGE-1 Average_P: 0.21314 (95%-conf.int. 0.18733 - 0.24009)
7 ROUGE-1 Average_F: 0.20794 (95%-conf.int. 0.18290 - 0.23492)
.............................................
7 ROUGE-1 Eval D1001-A.M.100.A.7 R:0.10288 P:0.11364 F:0.10799
7 ROUGE-1 Eval D1002-A.M.100.A.7 R:0.24686 P:0.30102 F:0.27126
7 ROUGE-1 Eval D1003-A.M.100.A.7 R:0.16450 P:0.16667 F:0.16558
7 ROUGE-1 Eval D1004-A.M.100.A.7 R:0.26033 P:0.24609 F:0.25301
7 ROUGE-1 Eval D1005-A.M.100.A.7 R:0.15574 P:0.20652 F:0.17757
7 ROUGE-1 Eval D1006-A.M.100.A.7 R:0.14559 P:0.16102 F:0.15292
7 ROUGE-1 Eval D1007-A.M.100.B.7 R:0.29778 P:0.27459 F:0.28572
7 ROUGE-1 Eval D1008-A.M.100.B.7 R:0.08468 P:0.09211 F:0.08824
7 ROUGE-1 Eval D1009-A.M.100.B.7 R:0.26549 P:0.25862 F:0.26201
7 ROUGE-1 Eval D1010-A.M.100.B.7 R:0.21600 P:0.22131 F:0.21862
7 ROUGE-1 Eval D1011-A.M.100.C.7 R:0.10776 P:0.12500 F:0.11574
7 ROUGE-1 Eval D1012-A.M.100.C.7 R:0.33333 P:0.31538 F:0.32411
7 ROUGE-1 Eval D1013-A.M.100.C.7 R:0.05622 P:0.06481 F:0.06021
7 ROUGE-1 Eval D1014-A.M.100.C.7 R:0.20502 P:0.18846 F:0.19639
7 ROUGE-1 Eval D1015-A.M.100.C.7 R:0.23774 P:0.24231 F:0.24000
7 ROUGE-1 Eval D1016-A.M.100.C.7 R:0.21525 P:0.18462 F:0.19876
7 ROUGE-1 Eval D1017-A.M.100.D.7 R:0.21633 P:0.22083 F:0.21856
7 ROUGE-1 Eval D1018-A.M.100.D.7 R:0.14644 P:0.15351 F:0.14989
7 ROUGE-1 Eval D1019-A.M.100.D.7 R:0.31250 P:0.29297 F:0.30242
7 ROUGE-1 Eval D1020-A.M.100.D.7 R:0.20248 P:0.21491 F:0.20851
7 ROUGE-1 Eval D1021-A.M.100.D.7 R:0.18220 P:0.22872 F:0.20283
7 ROUGE-1 Eval D1022-A.M.100.D.7 R:0.40586 P:0.40417 F:0.40501
7 ROUGE-1 Eval D1023-A.M.100.E.7 R:0.30165 P:0.30417 F:0.30290
7 ROUGE-1 Eval D1024-A.M.100.E.7 R:0.13333 P:0.13115 F:0.13223
7 ROUGE-1 Eval D1025-A.M.100.E.7 R:0.24779 P:0.24561 F:0.24670
7 ROUGE-1 Eval D1026-A.M.100.E.7 R:0.05128 P:0.05172 F:0.05150
7 ROUGE-1 Eval D1027-A.M.100.E.7 R:0.00000 P:0.00000 F:0.00000
7 ROUGE-1 Eval D1028-A.M.100.E.7 R:0.17500 P:0.18421 F:0.17949
7 ROUGE-1 Eval D1029-A.M.100.F.7 R:0.21250 P:0.20902 F:0.21075
7 ROUGE-1 Eval D1030-A.M.100.F.7 R:0.03968 P:0.04464 F:0.04201
7 ROUGE-1 Eval D1031-A.M.100.F.7 R:0.15510 P:0.15574 F:0.15542
7 ROUGE-1 Eval D1032-A.M.100.F.7 R:0.27481 P:0.40000 F:0.32579
7 ROUGE-1 Eval D1033-A.M.100.F.7 R:0.34711 P:0.32812 F:0.33735
7 ROUGE-1 Eval D1034-A.M.100.F.7 R:0.09053 P:0.12222 F:0.10401
7 ROUGE-1 Eval D1035-A.M.100.G.7 R:0.21951 P:0.22881 F:0.22406
7 ROUGE-1 Eval D1036-A.M.100.G.7 R:0.25714 P:0.28125 F:0.26866
7 ROUGE-1 Eval D1037-A.M.100.G.7 R:0.11574 P:0.10776 F:0.11161
7 ROUGE-1 Eval D1038-A.M.100.G.7 R:0.12157 P:0.18023 F:0.14520
7 ROUGE-1 Eval D1039-A.M.100.G.7 R:0.24082 P:0.22692 F:0.23366
7 ROUGE-1 Eval D1040-A.M.100.G.7 R:0.21277 P:0.26596 F:0.23641
7 ROUGE-1 Eval D1041-A.M.100.H.7 R:0.27165 P:0.33173 F:0.29870
7 ROUGE-1 Eval D1042-A.M.100.H.7 R:0.20628 P:0.22115 F:0.21346
7 ROUGE-1 Eval D1043-A.M.100.H.7 R:0.30508 P:0.28571 F:0.29508
7 ROUGE-1 Eval D1044-A.M.100.H.7 R:0.32489 P:0.30556 F:0.31493
7 ROUGE-1 Eval D1045-A.M.100.H.7 R:0.28740 P:0.28077 F:0.28405
7 ROUGE-1 Eval D1046-A.M.100.H.7 R:0.26378 P:0.25379 F:0.25869
---------------------------------------------
7 ROUGE-2 Average_R: 0.04971 (95%-conf.int. 0.03846 - 0.06201)
7 ROUGE-2 Average_P: 0.05094 (95%-conf.int. 0.03962 - 0.06285)
7 ROUGE-2 Average_F: 0.05015 (95%-conf.int. 0.03891 - 0.06218)
.............................................
7 ROUGE-2 Eval D1001-A.M.100.A.7 R:0.01255 P:0.01389 F:0.01319
7 ROUGE-2 Eval D1002-A.M.100.A.7 R:0.05532 P:0.06771 F:0.06089
7 ROUGE-2 Eval D1003-A.M.100.A.7 R:0.04405 P:0.04464 F:0.04434
7 ROUGE-2 Eval D1004-A.M.100.A.7 R:0.06723 P:0.06349 F:0.06531
7 ROUGE-2 Eval D1005-A.M.100.A.7 R:0.01667 P:0.02222 F:0.01905
7 ROUGE-2 Eval D1006-A.M.100.A.7 R:0.01946 P:0.02155 F:0.02045
7 ROUGE-2 Eval D1007-A.M.100.B.7 R:0.08597 P:0.07917 F:0.08243
7 ROUGE-2 Eval D1008-A.M.100.B.7 R:0.00820 P:0.00893 F:0.00855
7 ROUGE-2 Eval D1009-A.M.100.B.7 R:0.09009 P:0.08772 F:0.08889
7 ROUGE-2 Eval D1010-A.M.100.B.7 R:0.05285 P:0.05417 F:0.05350
7 ROUGE-2 Eval D1011-A.M.100.C.7 R:0.00439 P:0.00510 F:0.00472
7 ROUGE-2 Eval D1012-A.M.100.C.7 R:0.09504 P:0.08984 F:0.09237
7 ROUGE-2 Eval D1013-A.M.100.C.7 R:0.00408 P:0.00472 F:0.00438
7 ROUGE-2 Eval D1014-A.M.100.C.7 R:0.01702 P:0.01562 F:0.01629
7 ROUGE-2 Eval D1015-A.M.100.C.7 R:0.08429 P:0.08594 F:0.08511
7 ROUGE-2 Eval D1016-A.M.100.C.7 R:0.02740 P:0.02344 F:0.02527
7 ROUGE-2 Eval D1017-A.M.100.D.7 R:0.04149 P:0.04237 F:0.04193
7 ROUGE-2 Eval D1018-A.M.100.D.7 R:0.01277 P:0.01339 F:0.01307
7 ROUGE-2 Eval D1019-A.M.100.D.7 R:0.05932 P:0.05556 F:0.05738
7 ROUGE-2 Eval D1020-A.M.100.D.7 R:0.03361 P:0.03571 F:0.03463
7 ROUGE-2 Eval D1021-A.M.100.D.7 R:0.04310 P:0.05435 F:0.04808
7 ROUGE-2 Eval D1022-A.M.100.D.7 R:0.14043 P:0.13983 F:0.14013
7 ROUGE-2 Eval D1023-A.M.100.E.7 R:0.02941 P:0.02966 F:0.02953
7 ROUGE-2 Eval D1024-A.M.100.E.7 R:0.01695 P:0.01667 F:0.01681
7 ROUGE-2 Eval D1025-A.M.100.E.7 R:0.08108 P:0.08036 F:0.08072
7 ROUGE-2 Eval D1026-A.M.100.E.7 R:0.00000 P:0.00000 F:0.00000
7 ROUGE-2 Eval D1027-A.M.100.E.7 R:0.00000 P:0.00000 F:0.00000
7 ROUGE-2 Eval D1028-A.M.100.E.7 R:0.05508 P:0.05804 F:0.05652
7 ROUGE-2 Eval D1029-A.M.100.F.7 R:0.04661 P:0.04583 F:0.04622
7 ROUGE-2 Eval D1030-A.M.100.F.7 R:0.00000 P:0.00000 F:0.00000
7 ROUGE-2 Eval D1031-A.M.100.F.7 R:0.01660 P:0.01667 F:0.01663
7 ROUGE-2 Eval D1032-A.M.100.F.7 R:0.05426 P:0.07955 F:0.06452
7 ROUGE-2 Eval D1033-A.M.100.F.7 R:0.15546 P:0.14683 F:0.15102
7 ROUGE-2 Eval D1034-A.M.100.F.7 R:0.00418 P:0.00568 F:0.00482
7 ROUGE-2 Eval D1035-A.M.100.G.7 R:0.06612 P:0.06897 F:0.06751
7 ROUGE-2 Eval D1036-A.M.100.G.7 R:0.01245 P:0.01364 F:0.01302
7 ROUGE-2 Eval D1037-A.M.100.G.7 R:0.01415 P:0.01316 F:0.01364
7 ROUGE-2 Eval D1038-A.M.100.G.7 R:0.00797 P:0.01190 F:0.00955
7 ROUGE-2 Eval D1039-A.M.100.G.7 R:0.09959 P:0.09375 F:0.09658
7 ROUGE-2 Eval D1040-A.M.100.G.7 R:0.04762 P:0.05978 F:0.05301
7 ROUGE-2 Eval D1041-A.M.100.H.7 R:0.11600 P:0.14216 F:0.12775
7 ROUGE-2 Eval D1042-A.M.100.H.7 R:0.07763 P:0.08333 F:0.08038
7 ROUGE-2 Eval D1043-A.M.100.H.7 R:0.16379 P:0.15323 F:0.15833
7 ROUGE-2 Eval D1044-A.M.100.H.7 R:0.08584 P:0.08065 F:0.08316
7 ROUGE-2 Eval D1045-A.M.100.H.7 R:0.06400 P:0.06250 F:0.06324
7 ROUGE-2 Eval D1046-A.M.100.H.7 R:0.06000 P:0.05769 F:0.05882
---------------------------------------------
7 ROUGE-3 Average_R: 0.01622 (95%-conf.int. 0.01050 - 0.02258)
7 ROUGE-3 Average_P: 0.01642 (95%-conf.int. 0.01077 - 0.02253)
7 ROUGE-3 Average_F: 0.01627 (95%-conf.int. 0.01062 - 0.02257)
.............................................
7 ROUGE-3 Eval D1001-A.M.100.A.7 R:0.00000 P:0.00000 F:0.00000
7 ROUGE-3 Eval D1002-A.M.100.A.7 R:0.01299 P:0.01596 F:0.01432
7 ROUGE-3 Eval D1003-A.M.100.A.7 R:0.00897 P:0.00909 F:0.00903
7 ROUGE-3 Eval D1004-A.M.100.A.7 R:0.02137 P:0.02016 F:0.02075
7 ROUGE-3 Eval D1005-A.M.100.A.7 R:0.00847 P:0.01136 F:0.00970
7 ROUGE-3 Eval D1006-A.M.100.A.7 R:0.00395 P:0.00439 F:0.00416
7 ROUGE-3 Eval D1007-A.M.100.B.7 R:0.01382 P:0.01271 F:0.01324
7 ROUGE-3 Eval D1008-A.M.100.B.7 R:0.00417 P:0.00455 F:0.00435
7 ROUGE-3 Eval D1009-A.M.100.B.7 R:0.04128 P:0.04018 F:0.04072
7 ROUGE-3 Eval D1010-A.M.100.B.7 R:0.02479 P:0.02542 F:0.02510
7 ROUGE-3 Eval D1011-A.M.100.C.7 R:0.00000 P:0.00000 F:0.00000
7 ROUGE-3 Eval D1012-A.M.100.C.7 R:0.02941 P:0.02778 F:0.02857
7 ROUGE-3 Eval D1013-A.M.100.C.7 R:0.00000 P:0.00000 F:0.00000
7 ROUGE-3 Eval D1014-A.M.100.C.7 R:0.00433 P:0.00397 F:0.00414
7 ROUGE-3 Eval D1015-A.M.100.C.7 R:0.03502 P:0.03571 F:0.03536
7 ROUGE-3 Eval D1016-A.M.100.C.7 R:0.00000 P:0.00000 F:0.00000
7 ROUGE-3 Eval D1017-A.M.100.D.7 R:0.00000 P:0.00000 F:0.00000
7 ROUGE-3 Eval D1018-A.M.100.D.7 R:0.00000 P:0.00000 F:0.00000
7 ROUGE-3 Eval D1019-A.M.100.D.7 R:0.00862 P:0.00806 F:0.00833
7 ROUGE-3 Eval D1020-A.M.100.D.7 R:0.00000 P:0.00000 F:0.00000
7 ROUGE-3 Eval D1021-A.M.100.D.7 R:0.00000 P:0.00000 F:0.00000
7 ROUGE-3 Eval D1022-A.M.100.D.7 R:0.05195 P:0.05172 F:0.05183
7 ROUGE-3 Eval D1023-A.M.100.E.7 R:0.00427 P:0.00431 F:0.00429
7 ROUGE-3 Eval D1024-A.M.100.E.7 R:0.00000 P:0.00000 F:0.00000
7 ROUGE-3 Eval D1025-A.M.100.E.7 R:0.04587 P:0.04545 F:0.04566
7 ROUGE-3 Eval D1026-A.M.100.E.7 R:0.00000 P:0.00000 F:0.00000
7 ROUGE-3 Eval D1027-A.M.100.E.7 R:0.00000 P:0.00000 F:0.00000
7 ROUGE-3 Eval D1028-A.M.100.E.7 R:0.02155 P:0.02273 F:0.02212
7 ROUGE-3 Eval D1029-A.M.100.F.7 R:0.00862 P:0.00847 F:0.00854
7 ROUGE-3 Eval D1030-A.M.100.F.7 R:0.00000 P:0.00000 F:0.00000
7 ROUGE-3 Eval D1031-A.M.100.F.7 R:0.00000 P:0.00000 F:0.00000
7 ROUGE-3 Eval D1032-A.M.100.F.7 R:0.01575 P:0.02326 F:0.01878
7 ROUGE-3 Eval D1033-A.M.100.F.7 R:0.07265 P:0.06855 F:0.07054
7 ROUGE-3 Eval D1034-A.M.100.F.7 R:0.00000 P:0.00000 F:0.00000
7 ROUGE-3 Eval D1035-A.M.100.G.7 R:0.01681 P:0.01754 F:0.01717
7 ROUGE-3 Eval D1036-A.M.100.G.7 R:0.00000 P:0.00000 F:0.00000
7 ROUGE-3 Eval D1037-A.M.100.G.7 R:0.00481 P:0.00446 F:0.00463
7 ROUGE-3 Eval D1038-A.M.100.G.7 R:0.00000 P:0.00000 F:0.00000
7 ROUGE-3 Eval D1039-A.M.100.G.7 R:0.03376 P:0.03175 F:0.03272
7 ROUGE-3 Eval D1040-A.M.100.G.7 R:0.02203 P:0.02778 F:0.02457
7 ROUGE-3 Eval D1041-A.M.100.H.7 R:0.03659 P:0.04500 F:0.04036
7 ROUGE-3 Eval D1042-A.M.100.H.7 R:0.01860 P:0.02000 F:0.01927
7 ROUGE-3 Eval D1043-A.M.100.H.7 R:0.10526 P:0.09836 F:0.10169
7 ROUGE-3 Eval D1044-A.M.100.H.7 R:0.03930 P:0.03689 F:0.03806
7 ROUGE-3 Eval D1045-A.M.100.H.7 R:0.02033 P:0.01984 F:0.02008
7 ROUGE-3 Eval D1046-A.M.100.H.7 R:0.01220 P:0.01172 F:0.01196
---------------------------------------------
7 ROUGE-4 Average_R: 0.00684 (95%-conf.int. 0.00337 - 0.01108)
7 ROUGE-4 Average_P: 0.00677 (95%-conf.int. 0.00338 - 0.01076)
7 ROUGE-4 Average_F: 0.00679 (95%-conf.int. 0.00337 - 0.01089)
.............................................
7 ROUGE-4 Eval D1001-A.M.100.A.7 R:0.00000 P:0.00000 F:0.00000
7 ROUGE-4 Eval D1002-A.M.100.A.7 R:0.00000 P:0.00000 F:0.00000
7 ROUGE-4 Eval D1003-A.M.100.A.7 R:0.00457 P:0.00463 F:0.00460
7 ROUGE-4 Eval D1004-A.M.100.A.7 R:0.01304 P:0.01230 F:0.01266
7 ROUGE-4 Eval D1005-A.M.100.A.7 R:0.00431 P:0.00581 F:0.00495
7 ROUGE-4 Eval D1006-A.M.100.A.7 R:0.00000 P:0.00000 F:0.00000
7 ROUGE-4 Eval D1007-A.M.100.B.7 R:0.00000 P:0.00000 F:0.00000
7 ROUGE-4 Eval D1008-A.M.100.B.7 R:0.00000 P:0.00000 F:0.00000
7 ROUGE-4 Eval D1009-A.M.100.B.7 R:0.01869 P:0.01818 F:0.01843
7 ROUGE-4 Eval D1010-A.M.100.B.7 R:0.00840 P:0.00862 F:0.00851
7 ROUGE-4 Eval D1011-A.M.100.C.7 R:0.00000 P:0.00000 F:0.00000
7 ROUGE-4 Eval D1012-A.M.100.C.7 R:0.01282 P:0.01210 F:0.01245
7 ROUGE-4 Eval D1013-A.M.100.C.7 R:0.00000 P:0.00000 F:0.00000
7 ROUGE-4 Eval D1014-A.M.100.C.7 R:0.00000 P:0.00000 F:0.00000
7 ROUGE-4 Eval D1015-A.M.100.C.7 R:0.01581 P:0.01613 F:0.01597
7 ROUGE-4 Eval D1016-A.M.100.C.7 R:0.00000 P:0.00000 F:0.00000
7 ROUGE-4 Eval D1017-A.M.100.D.7 R:0.00000 P:0.00000 F:0.00000
7 ROUGE-4 Eval D1018-A.M.100.D.7 R:0.00000 P:0.00000 F:0.00000
7 ROUGE-4 Eval D1019-A.M.100.D.7 R:0.00439 P:0.00410 F:0.00424
7 ROUGE-4 Eval D1020-A.M.100.D.7 R:0.00000 P:0.00000 F:0.00000
7 ROUGE-4 Eval D1021-A.M.100.D.7 R:0.00000 P:0.00000 F:0.00000
7 ROUGE-4 Eval D1022-A.M.100.D.7 R:0.02203 P:0.02193 F:0.02198
7 ROUGE-4 Eval D1023-A.M.100.E.7 R:0.00000 P:0.00000 F:0.00000
7 ROUGE-4 Eval D1024-A.M.100.E.7 R:0.00000 P:0.00000 F:0.00000
7 ROUGE-4 Eval D1025-A.M.100.E.7 R:0.01869 P:0.01852 F:0.01860
7 ROUGE-4 Eval D1026-A.M.100.E.7 R:0.00000 P:0.00000 F:0.00000
7 ROUGE-4 Eval D1027-A.M.100.E.7 R:0.00000 P:0.00000 F:0.00000
7 ROUGE-4 Eval D1028-A.M.100.E.7 R:0.00877 P:0.00926 F:0.00901
7 ROUGE-4 Eval D1029-A.M.100.F.7 R:0.00000 P:0.00000 F:0.00000
7 ROUGE-4 Eval D1030-A.M.100.F.7 R:0.00000 P:0.00000 F:0.00000
7 ROUGE-4 Eval D1031-A.M.100.F.7 R:0.00000 P:0.00000 F:0.00000
7 ROUGE-4 Eval D1032-A.M.100.F.7 R:0.00000 P:0.00000 F:0.00000
7 ROUGE-4 Eval D1033-A.M.100.F.7 R:0.03913 P:0.03689 F:0.03798
7 ROUGE-4 Eval D1034-A.M.100.F.7 R:0.00000 P:0.00000 F:0.00000
7 ROUGE-4 Eval D1035-A.M.100.G.7 R:0.00427 P:0.00446 F:0.00436
7 ROUGE-4 Eval D1036-A.M.100.G.7 R:0.00000 P:0.00000 F:0.00000
7 ROUGE-4 Eval D1037-A.M.100.G.7 R:0.00000 P:0.00000 F:0.00000
7 ROUGE-4 Eval D1038-A.M.100.G.7 R:0.00000 P:0.00000 F:0.00000
7 ROUGE-4 Eval D1039-A.M.100.G.7 R:0.00429 P:0.00403 F:0.00416
7 ROUGE-4 Eval D1040-A.M.100.G.7 R:0.00448 P:0.00568 F:0.00501
7 ROUGE-4 Eval D1041-A.M.100.H.7 R:0.02066 P:0.02551 F:0.02283
7 ROUGE-4 Eval D1042-A.M.100.H.7 R:0.00000 P:0.00000 F:0.00000
7 ROUGE-4 Eval D1043-A.M.100.H.7 R:0.08036 P:0.07500 F:0.07759
7 ROUGE-4 Eval D1044-A.M.100.H.7 R:0.02222 P:0.02083 F:0.02150
7 ROUGE-4 Eval D1045-A.M.100.H.7 R:0.00413 P:0.00403 F:0.00408
7 ROUGE-4 Eval D1046-A.M.100.H.7 R:0.00413 P:0.00397 F:0.00405
